16-Nov-2019 17:33:30.605 INFORMACIÓN [main] org.apache.catalina.startup.VersionLoggerListener.log Nombre de la versión del servidor:   Apache Tomcat/9.0.24

16-Nov-2019 17:33:30.608 INFORMACIÓN [main] org.apache.catalina.startup.VersionLoggerListener.log Server built:          Aug 14 2019 21:16:42 UTC
16-Nov-2019 17:33:30.608 INFORMACIÓN [main] org.apache.catalina.startup.VersionLoggerListener.log Número de versión de servidor:         9.0.24.0
16-Nov-2019 17:33:30.608 INFORMACIÓN [main] org.apache.catalina.startup.VersionLoggerListener.log OS Name:               Windows 10
16-Nov-2019 17:33:30.608 INFORMACIÓN [main] org.apache.catalina.startup.VersionLoggerListener.log Versión de Systema Operativo:      10.0

16-Nov-2019 17:33:30.609 INFORMACIÓN [main] org.apache.catalina.startup.VersionLoggerListener.log Arquitectura:          amd64

16-Nov-2019 17:33:30.609 INFORMACIÓN [main] org.apache.catalina.startup.VersionLoggerListener.log Java Home:             C:\Program Files\Java\jdk1.8.0_111\jre
16-Nov-2019 17:33:30.609 INFORMACIÓN [main] org.apache.catalina.startup.VersionLoggerListener.log JVM Version:           1.8.0_111-b14
16-Nov-2019 17:33:30.609 INFORMACIÓN [main] org.apache.catalina.startup.VersionLoggerListener.log Vededor JVM:     Oracle Corporation
16-Nov-2019 17:33:30.609 INFORMACIÓN [main] org.apache.catalina.startup.VersionLoggerListener.log CATALINA_BASE:         C:\apache-tomcat-9.0.24
16-Nov-2019 17:33:30.609 INFORMACIÓN [main] org.apache.catalina.startup.VersionLoggerListener.log CATALINA_HOME:         C:\apache-tomcat-9.0.24
16-Nov-2019 17:33:30.652 INFORMACIÓN [main] org.apache.catalina.startup.VersionLoggerListener.log Command line argument: -Djava.util.logging.config.file=C:\apache-tomcat-9.0.24\conf\logging.properties
16-Nov-2019 17:33:30.652 INFORMACIÓN [main] org.apache.catalina.startup.VersionLoggerListener.log Command line argument: -Djava.util.logging.manager=org.apache.juli.ClassLoaderLogManager
16-Nov-2019 17:33:30.652 INFORMACIÓN [main] org.apache.catalina.startup.VersionLoggerListener.log Command line argument: -Dhttp.nonProxyHosts=localhost|127.0.0.1|DESKTOP-3OHAOEJ
16-Nov-2019 17:33:30.652 INFORMACIÓN [main] org.apache.catalina.startup.VersionLoggerListener.log Command line argument: -Djdk.tls.ephemeralDHKeySize=2048
16-Nov-2019 17:33:30.652 INFORMACIÓN [main] org.apache.catalina.startup.VersionLoggerListener.log Command line argument: -Djava.protocol.handler.pkgs=org.apache.catalina.webresources
16-Nov-2019 17:33:30.652 INFORMACIÓN [main] org.apache.catalina.startup.VersionLoggerListener.log Command line argument: -Dignore.endorsed.dirs=
16-Nov-2019 17:33:30.652 INFORMACIÓN [main] org.apache.catalina.startup.VersionLoggerListener.log Command line argument: -Dcatalina.base=C:\apache-tomcat-9.0.24
16-Nov-2019 17:33:30.652 INFORMACIÓN [main] org.apache.catalina.startup.VersionLoggerListener.log Command line argument: -Dcatalina.home=C:\apache-tomcat-9.0.24
16-Nov-2019 17:33:30.652 INFORMACIÓN [main] org.apache.catalina.startup.VersionLoggerListener.log Command line argument: -Djava.io.tmpdir=C:\apache-tomcat-9.0.24\temp
16-Nov-2019 17:33:30.653 INFORMACIÓN [main] org.apache.catalina.core.AprLifecycleListener.lifecycleEvent Cargada la biblioteca nativa APR de Apache Tomcat [1.2.23] con la versión APR [1.7.0].
16-Nov-2019 17:33:30.653 INFORMACIÓN [main] org.apache.catalina.core.AprLifecycleListener.lifecycleEvent Capacidades APR: IPv6 [true], enviar fichero [true], aceptar filtros [false], aleatorio [true].
16-Nov-2019 17:33:30.653 INFORMACIÓN [main] org.apache.catalina.core.AprLifecycleListener.lifecycleEvent APR/OpenSSL configuration: useAprConnector [false], useOpenSSL [true]
16-Nov-2019 17:33:30.680 INFORMACIÓN [main] org.apache.catalina.core.AprLifecycleListener.initializeSSL OpenSSL inicializado correctamente [OpenSSL 1.1.1c  28 May 2019]
16-Nov-2019 17:33:31.055 INFORMACIÓN [main] org.apache.coyote.AbstractProtocol.init Inicializando el manejador de protocolo ["http-nio-8080"]

16-Nov-2019 17:33:31.187 INFORMACIÓN [main] org.apache.coyote.AbstractProtocol.init Inicializando el manejador de protocolo ["ajp-nio-8009"]

16-Nov-2019 17:33:31.190 INFORMACIÓN [main] org.apache.catalina.startup.Catalina.load Server initialization in [885] milliseconds
16-Nov-2019 17:33:31.238 INFORMACIÓN [main] org.apache.catalina.core.StandardService.startInternal Arrancando servicio [Catalina]
16-Nov-2019 17:33:31.238 INFORMACIÓN [main] org.apache.catalina.core.StandardEngine.startInternal Starting Servlet engine: [Apache Tomcat/9.0.24]
16-Nov-2019 17:33:31.258 INFORMACIÓN [main] org.apache.catalina.startup.HostConfig.deployDescriptor Desplieque del descriptor de configuración [C:\apache-tomcat-9.0.24\conf\Catalina\localhost\MiSite.xml]
16-Nov-2019 17:33:31.280 ADVERTENCIA [main] org.apache.catalina.startup.HostConfig.deployDescriptor The path attribute with value [/MiSite] in deployment descriptor [C:\apache-tomcat-9.0.24\conf\Catalina\localhost\MiSite.xml] has been ignored
16-Nov-2019 17:33:31.858 INFORMACIÓN [main] org.apache.jasper.servlet.TldScanner.scanJars Al menos un JAR, que se ha explorado buscando TLDs, aún no contenía TLDs. Activar historial de depuración para este historiador para una completa lista de los JARs que fueron explorados y de los que nos se halló TLDs. Saltarse JARs no necesarios durante la exploración puede dar lugar a una mejora de tiempo significativa en el arranque y compilación de JSP .
16-Nov-2019 17:33:31.923 INFORMACIÓN [main] org.apache.catalina.startup.HostConfig.deployDescriptor Deployment of deployment descriptor [C:\apache-tomcat-9.0.24\conf\Catalina\localhost\MiSite.xml] has finished in [664] ms
16-Nov-2019 17:33:31.923 INFORMACIÓN [main] org.apache.catalina.startup.HostConfig.deployDescriptor Desplieque del descriptor de configuración [C:\apache-tomcat-9.0.24\conf\Catalina\localhost\WebSite.xml]
16-Nov-2019 17:33:31.930 ADVERTENCIA [main] org.apache.catalina.startup.HostConfig.deployDescriptor The path attribute with value [/WebSite] in deployment descriptor [C:\apache-tomcat-9.0.24\conf\Catalina\localhost\WebSite.xml] has been ignored
16-Nov-2019 17:33:32.205 INFORMACIÓN [main] org.apache.jasper.servlet.TldScanner.scanJars Al menos un JAR, que se ha explorado buscando TLDs, aún no contenía TLDs. Activar historial de depuración para este historiador para una completa lista de los JARs que fueron explorados y de los que nos se halló TLDs. Saltarse JARs no necesarios durante la exploración puede dar lugar a una mejora de tiempo significativa en el arranque y compilación de JSP .
16-Nov-2019 17:33:32.207 INFORMACIÓN [main] org.apache.catalina.startup.HostConfig.deployDescriptor Deployment of deployment descriptor [C:\apache-tomcat-9.0.24\conf\Catalina\localhost\WebSite.xml] has finished in [284] ms
16-Nov-2019 17:33:32.208 INFORMACIÓN [main] org.apache.catalina.startup.HostConfig.deployDirectory Desplegando el directorio [C:\apache-tomcat-9.0.24\webapps\docs] de la aplicación web
16-Nov-2019 17:33:32.242 INFORMACIÓN [main] org.apache.catalina.startup.HostConfig.deployDirectory Deployment of web application directory [C:\apache-tomcat-9.0.24\webapps\docs] has finished in [34] ms
16-Nov-2019 17:33:32.243 INFORMACIÓN [main] org.apache.catalina.startup.HostConfig.deployDirectory Desplegando el directorio [C:\apache-tomcat-9.0.24\webapps\examples] de la aplicación web
16-Nov-2019 17:33:33.327 INFORMACIÓN [main] org.apache.catalina.startup.HostConfig.deployDirectory Deployment of web application directory [C:\apache-tomcat-9.0.24\webapps\examples] has finished in [1.085] ms
16-Nov-2019 17:33:33.327 INFORMACIÓN [main] org.apache.catalina.startup.HostConfig.deployDirectory Desplegando el directorio [C:\apache-tomcat-9.0.24\webapps\host-manager] de la aplicación web
16-Nov-2019 17:33:33.379 INFORMACIÓN [main] org.apache.catalina.startup.HostConfig.deployDirectory Deployment of web application directory [C:\apache-tomcat-9.0.24\webapps\host-manager] has finished in [52] ms
16-Nov-2019 17:33:33.379 INFORMACIÓN [main] org.apache.catalina.startup.HostConfig.deployDirectory Desplegando el directorio [C:\apache-tomcat-9.0.24\webapps\manager] de la aplicación web
16-Nov-2019 17:33:33.436 INFORMACIÓN [main] org.apache.catalina.startup.HostConfig.deployDirectory Deployment of web application directory [C:\apache-tomcat-9.0.24\webapps\manager] has finished in [57] ms
16-Nov-2019 17:33:33.436 INFORMACIÓN [main] org.apache.catalina.startup.HostConfig.deployDirectory Desplegando el directorio [C:\apache-tomcat-9.0.24\webapps\ROOT] de la aplicación web
16-Nov-2019 17:33:33.475 INFORMACIÓN [main] org.apache.catalina.startup.HostConfig.deployDirectory Deployment of web application directory [C:\apache-tomcat-9.0.24\webapps\ROOT] has finished in [38] ms
16-Nov-2019 17:33:33.482 INFORMACIÓN [main] org.apache.coyote.AbstractProtocol.start Starting ProtocolHandler ["http-nio-8080"]
16-Nov-2019 17:33:33.522 INFORMACIÓN [main] org.apache.coyote.AbstractProtocol.start Starting ProtocolHandler ["ajp-nio-8009"]
16-Nov-2019 17:33:33.524 INFORMACIÓN [main] org.apache.catalina.startup.Catalina.start Server startup in [2.333] milliseconds
